<?xml version="1.0" encoding="UTF-8"?>
<testng-results ignored="0" total="1" passed="1" failed="0" skipped="0">
  <reporter-output>
  </reporter-output>
  <suite started-at="2023-06-22T21:06:22 IST" name="Default suite" finished-at="2023-06-22T21:06:25 IST" duration-ms="3495">
    <groups>
    </groups>
    <test started-at="2023-06-22T21:06:22 IST" name="Default test" finished-at="2023-06-22T21:06:25 IST" duration-ms="3495">
      <class name="com.qa.rest.tests.GetCallBDD">
        <test-method signature="test_numberOfCirecuits2022_Season()[pri:0, instance:com.qa.rest.tests.GetCallBDD@3059cbc]" started-at="2023-06-22T21:06:22 IST" name="test_numberOfCirecuits2022_Season" finished-at="2023-06-22T21:06:25 IST" duration-ms="3442" status="PASS">
          <reporter-output>
          </reporter-output>
        </test-method> <!-- test_numberOfCirecuits2022_Season -->
      </class> <!-- com.qa.rest.tests.GetCallBDD -->
    </test> <!-- Default test -->
  </suite> <!-- Default suite -->
</testng-results>
